{
  "stats": {
    "suites": 1,
    "tests": 3,
    "passes": 3,
    "pending": 0,
    "failures": 0,
    "start": "2021-06-15T21:57:20.223Z",
    "end": "2021-06-15T21:57:27.686Z",
    "duration": 7463,
    "testsRegistered": 3,
    "passPercent": 100,
    "pendingPercent": 0,
    "other": 0,
    "hasOther": false,
    "skipped": 0,
    "hasSkipped": false
  },
  "results": [
    {
      "uuid": "284d2982-d433-42ee-8a9f-35569182b62c",
      "title": "",
      "fullFile": "",
      "file": "",
      "beforeHooks": [],
      "afterHooks": [],
      "tests": [],
      "suites": [
        {
          "uuid": "e1287798-7d58-4bb5-ad1f-a2bced12f973",
          "title": "13 - [TELA DE FEEDBACK] Crie a mensagem de _feedback_ para ser exibida a pessoa usuária",
          "fullFile": "",
          "file": "",
          "beforeHooks": [],
          "afterHooks": [],
          "tests": [
            {
              "title": "Acertou menos de 3 perguntas",
              "fullTitle": "13 - [TELA DE FEEDBACK] Crie a mensagem de _feedback_ para ser exibida a pessoa usuária Acertou menos de 3 perguntas",
              "timedOut": null,
              "duration": 2869,
              "state": "passed",
              "speed": "slow",
              "pass": true,
              "fail": false,
              "pending": false,
              "context": null,
              "code": "cy.get(CORRECT_ALTERNATIVE_SELECTOR).click();\ncy.get(BUTTON_NEXT_QUESTION_SELECTOR).click();\ncy.get(CORRECT_ALTERNATIVE_SELECTOR).click();\ncy.get(BUTTON_NEXT_QUESTION_SELECTOR).click();\ncy.get(WRONG_ALTERNATIVES_SELECTOR).first().click();\ncy.get(BUTTON_NEXT_QUESTION_SELECTOR).click();\ncy.get(WRONG_ALTERNATIVES_SELECTOR).first().click();\ncy.get(BUTTON_NEXT_QUESTION_SELECTOR).click();\ncy.get(WRONG_ALTERNATIVES_SELECTOR).first().click();\ncy.get(BUTTON_NEXT_QUESTION_SELECTOR).click();\ncy.get(FEEDBACK_TEXT_SELECTOR).contains('Podia ser melhor...');",
              "err": {},
              "uuid": "79dca551-74c5-480d-8a54-8709f327477b",
              "parentUUID": "e1287798-7d58-4bb5-ad1f-a2bced12f973",
              "isHook": false,
              "skipped": false
            },
            {
              "title": "Acertou 3 perguntas",
              "fullTitle": "13 - [TELA DE FEEDBACK] Crie a mensagem de _feedback_ para ser exibida a pessoa usuária Acertou 3 perguntas",
              "timedOut": null,
              "duration": 1856,
              "state": "passed",
              "speed": "slow",
              "pass": true,
              "fail": false,
              "pending": false,
              "context": null,
              "code": "cy.get(WRONG_ALTERNATIVES_SELECTOR).first().click();\ncy.get(BUTTON_NEXT_QUESTION_SELECTOR).click();\ncy.get(CORRECT_ALTERNATIVE_SELECTOR).click();\ncy.get(BUTTON_NEXT_QUESTION_SELECTOR).click();\ncy.get(WRONG_ALTERNATIVES_SELECTOR).first().click();\ncy.get(BUTTON_NEXT_QUESTION_SELECTOR).click();\ncy.get(CORRECT_ALTERNATIVE_SELECTOR).first().click();\ncy.get(BUTTON_NEXT_QUESTION_SELECTOR).click();\ncy.get(CORRECT_ALTERNATIVE_SELECTOR).click();\ncy.get(BUTTON_NEXT_QUESTION_SELECTOR).click();\ncy.get(FEEDBACK_TEXT_SELECTOR).contains('Mandou bem!');",
              "err": {},
              "uuid": "c6777b33-348e-4af8-b53c-b9e323e68a97",
              "parentUUID": "e1287798-7d58-4bb5-ad1f-a2bced12f973",
              "isHook": false,
              "skipped": false
            },
            {
              "title": "Acertou mais de 3 perguntas",
              "fullTitle": "13 - [TELA DE FEEDBACK] Crie a mensagem de _feedback_ para ser exibida a pessoa usuária Acertou mais de 3 perguntas",
              "timedOut": null,
              "duration": 1838,
              "state": "passed",
              "speed": "slow",
              "pass": true,
              "fail": false,
              "pending": false,
              "context": null,
              "code": "cy.get(CORRECT_ALTERNATIVE_SELECTOR).click();\ncy.get(BUTTON_NEXT_QUESTION_SELECTOR).click();\ncy.get(CORRECT_ALTERNATIVE_SELECTOR).click();\ncy.get(BUTTON_NEXT_QUESTION_SELECTOR).click();\ncy.get(WRONG_ALTERNATIVES_SELECTOR).first().click();\ncy.get(BUTTON_NEXT_QUESTION_SELECTOR).click();\ncy.get(CORRECT_ALTERNATIVE_SELECTOR).click();\ncy.get(BUTTON_NEXT_QUESTION_SELECTOR).click();\ncy.get(CORRECT_ALTERNATIVE_SELECTOR).click();\ncy.get(BUTTON_NEXT_QUESTION_SELECTOR).click();\ncy.get(FEEDBACK_TEXT_SELECTOR).contains('Mandou bem!');",
              "err": {},
              "uuid": "6f2265be-aff2-4177-94dc-0669ba13b191",
              "parentUUID": "e1287798-7d58-4bb5-ad1f-a2bced12f973",
              "isHook": false,
              "skipped": false
            }
          ],
          "suites": [],
          "passes": [
            "79dca551-74c5-480d-8a54-8709f327477b",
            "c6777b33-348e-4af8-b53c-b9e323e68a97",
            "6f2265be-aff2-4177-94dc-0669ba13b191"
          ],
          "failures": [],
          "pending": [],
          "skipped": [],
          "duration": 6563,
          "root": false,
          "rootEmpty": false,
          "_timeout": 2000
        }
      ],
      "passes": [],
      "failures": [],
      "pending": [],
      "skipped": [],
      "duration": 0,
      "root": true,
      "rootEmpty": true,
      "_timeout": 2000
    }
  ],
  "meta": {
    "mocha": {
      "version": "7.2.0"
    },
    "mochawesome": {
      "options": {
        "quiet": false,
        "reportFilename": "mochawesome",
        "saveHtml": false,
        "saveJson": true,
        "consoleReporter": "spec",
        "useInlineDiffs": false,
        "code": true
      },
      "version": "6.1.1"
    },
    "marge": {
      "options": {
        "id": "default",
        "reportDir": "cypress/reports",
        "overwrite": true,
        "html": false,
        "json": true
      },
      "version": "5.1.0"
    }
  }
}